Running: /opt/Xilinx/14.7/ISE_DS/ISE/bin/lin/unwrapped/fuse -intstyle ise -incremental -lib unisims_ver -lib unimacro_ver -lib xilinxcorelib_ver -lib secureip -o /home/rafa/Descargas/Digital/IntegradorV2/inter_tst_isim_beh.exe -prj /home/rafa/Descargas/Digital/IntegradorV2/inter_tst_beh.prj work.inter_tst work.glbl 
ISim P.20131013 (signature 0xfbc00daa)
Number of CPUs detected in this system: 2
Turning on mult-threading, number of parallel sub-compilation jobs: 4 
Determining compilation order of HDL files
Analyzing Verilog file "/home/rafa/Descargas/Digital/IntegradorV2/rsa.v" into library work
Analyzing Verilog file "/home/rafa/Descargas/Digital/IntegradorV2/comp.v" into library work
Analyzing Verilog file "/home/rafa/Descargas/Digital/IntegradorV2/adder.v" into library work
Analyzing Verilog file "/home/rafa/Descargas/Digital/IntegradorV2/booth_mult.v" into library work
Analyzing Verilog file "/home/rafa/Descargas/Digital/IntegradorV2/Integradorv2.v" into library work
Analyzing Verilog file "/home/rafa/Descargas/Digital/IntegradorV2/inter_tst.v" into library work
Analyzing Verilog file "/opt/Xilinx/14.7/ISE_DS/ISE//verilog/src/glbl.v" into library work
Starting static elaboration
Completed static elaboration
Fuse Memory Usage: 36936 KB
Fuse CPU Usage: 3760 ms
Compiling module comp
Compiling module rsa
Compiling module adder
Compiling module booth_mult
Compiling module Integradorv2
Compiling module inter_tst
Compiling module glbl
Time Resolution for simulation is 1ps.
Waiting for 4 sub-compilation(s) to finish...
Compiled 7 Verilog Units
Built simulation executable /home/rafa/Descargas/Digital/IntegradorV2/inter_tst_isim_beh.exe
Fuse Memory Usage: 75876 KB
Fuse CPU Usage: 3870 ms
GCC CPU Usage: 4180 ms
