Command line:
   integ_tst_isim_beh.exe
     -simmode  gui
     -simrunnum  0
     -socket  57288

Sun Nov  8 17:29:23 2015


 Elaboration Time: 0.12 sec

 Current Memory Usage: 131.445 Meg

 Total Signals          : 38
 Total Nets             : 249
 Total Signal Drivers   : 24
 Total Blocks           : 7
 Total Primitive Blocks : 4
 Total Processes        : 38
 Total Traceable Variables  : 52
 Total Scalar Nets and Variables : 640
Total Line Count : 158

 Total Simulation Time: 0.14 sec

 Current Memory Usage: 140.886 Meg

Sun Nov  8 17:30:14 2015

