Command line:
   inter_tst_isim_beh.exe
     -simmode  gui
     -simrunnum  0
     -socket  41680

Wed Nov 11 14:13:32 2015


 Elaboration Time: 0.16 sec

 Current Memory Usage: 131.449 Meg

 Total Signals          : 38
 Total Nets             : 249
 Total Signal Drivers   : 24
 Total Blocks           : 7
 Total Primitive Blocks : 4
 Total Processes        : 40
 Total Traceable Variables  : 55
 Total Scalar Nets and Variables : 705
Total Line Count : 198

 Total Simulation Time: 0.21 sec

 Current Memory Usage: 140.89 Meg

Wed Nov 11 14:45:24 2015

